2025-06-25 15:29:32,133 -INFO -Starting our model training pipeline
2025-06-25 15:29:32,133 -INFO -Loading data from artifacts/processed\processed_train.csv
2025-06-25 15:29:32,133 -INFO -Loading Data
2025-06-25 15:29:32,269 -INFO -Loading test data artifacts/processed\processed_test.csv
2025-06-25 15:29:32,269 -INFO -Loading Data
2025-06-25 15:29:32,384 -INFO -Initializing our model.
2025-06-25 15:29:32,384 -INFO -Starting our hyperparameter tuning
2025-06-25 15:29:32,384 -INFO -Starting our Hyperparameter Training
2025-06-25 15:29:32,385 -ERROR -Error while during Hypermater Tuning. Found input variables with inconsistent numbers of samples: [30462, 8410]
2025-06-25 15:29:32,385 -ERROR -Error in Model Training pipeline. 'ValueError' object has no attribute 'exc_info'
2025-06-25 15:34:16,589 -INFO -Starting our model training pipeline
2025-06-25 15:34:16,589 -INFO -Loading data from artifacts/processed\processed_train.csv
2025-06-25 15:34:16,589 -INFO -Loading Data
2025-06-25 15:34:16,637 -INFO -Loading test data artifacts/processed\processed_test.csv
2025-06-25 15:34:16,637 -INFO -Loading Data
2025-06-25 15:34:16,663 -INFO -Initializing our model.
2025-06-25 15:34:16,663 -INFO -Starting our hyperparameter tuning
2025-06-25 15:34:16,663 -INFO -Starting our Hyperparameter Training
2025-06-25 15:34:18,548 -ERROR -Error while during Hypermater Tuning. A worker process managed by the executor was unexpectedly terminated. This could be caused by a segmentation fault while calling the function or by an excessive memory usage causing the Operating System to kill the worker.

Detailed tracebacks of the workers should have been printed to stderr in the executor process if faulthandler was not disabled.
2025-06-25 15:34:18,548 -ERROR -Error in Model Training pipeline. 'TerminatedWorkerError' object has no attribute 'exc_info'
2025-06-25 15:39:40,048 -INFO -Starting our model training pipeline
2025-06-25 15:39:40,048 -INFO -Loading data from artifacts/processed\processed_train.csv
2025-06-25 15:39:40,048 -INFO -Loading Data
2025-06-25 15:39:40,101 -INFO -Loading test data artifacts/processed\processed_test.csv
2025-06-25 15:39:40,101 -INFO -Loading Data
2025-06-25 15:39:40,119 -INFO -Initializing our model.
2025-06-25 15:39:40,119 -INFO -Starting our hyperparameter tuning
2025-06-25 15:39:40,119 -INFO -Starting our Hyperparameter Training
2025-06-25 15:39:42,741 -ERROR -Error while during Hypermater Tuning. A worker process managed by the executor was unexpectedly terminated. This could be caused by a segmentation fault while calling the function or by an excessive memory usage causing the Operating System to kill the worker.

Detailed tracebacks of the workers should have been printed to stderr in the executor process if faulthandler was not disabled.
2025-06-25 15:39:42,741 -ERROR -Error in Model Training pipeline. 'TerminatedWorkerError' object has no attribute 'exc_info'
2025-06-25 15:40:59,326 -INFO -Starting our model training pipeline
2025-06-25 15:40:59,326 -INFO -Loading data from artifacts/processed\processed_train.csv
2025-06-25 15:40:59,326 -INFO -Loading Data
2025-06-25 15:41:01,354 -ERROR -Error while loading the data Error tokenizing data. C error: out of memory
2025-06-25 15:41:01,355 -INFO -Error while loading and splitting the data.
2025-06-25 15:41:01,355 -ERROR -Error in Model Training pipeline. CustomException.__init__() missing 1 required positional argument: 'error_detail'
2025-06-25 15:44:13,696 -INFO -Starting our model training pipeline
2025-06-25 15:44:13,696 -INFO -Loading data from artifacts/processed\processed_train.csv
2025-06-25 15:44:13,696 -INFO -Loading Data
2025-06-25 15:44:13,708 -INFO -Loading test data artifacts/processed\processed_test.csv
2025-06-25 15:44:13,708 -INFO -Loading Data
2025-06-25 15:44:13,714 -INFO -Error while loading and splitting the data.
2025-06-25 15:44:13,714 -ERROR -Error in Model Training pipeline. CustomException.__init__() missing 1 required positional argument: 'error_detail'
2025-06-25 15:45:15,752 -INFO -Starting our model training pipeline
2025-06-25 15:45:15,752 -INFO -Loading data from artifacts/processed\processed_train.csv
2025-06-25 15:45:15,752 -INFO -Loading Data
2025-06-25 15:45:15,752 -INFO -Loading test data artifacts/processed\processed_test.csv
2025-06-25 15:45:15,752 -INFO -Loading Data
2025-06-25 15:45:15,768 -INFO -Error while loading and splitting the data. 'NoneType' object has no attribute 'drop'
2025-06-25 15:45:15,768 -ERROR -Error in Model Training pipeline. 'AttributeError' object has no attribute 'exc_info'
2025-06-25 15:50:04,019 -INFO -Starting our model training pipeline
2025-06-25 15:50:04,019 -INFO -Loading data from artifacts/processed\processed_train.csv
2025-06-25 15:50:04,019 -INFO -Loading Data
2025-06-25 15:50:04,031 -INFO -Loading test data artifacts/processed\processed_test.csv
2025-06-25 15:50:04,031 -INFO -Loading Data
2025-06-25 15:50:04,047 -INFO -Error while loading and splitting the data. 'TextFileReader' object has no attribute 'drop'
2025-06-25 15:50:04,047 -ERROR -Error in Model Training pipeline. 'AttributeError' object has no attribute 'exc_info'
2025-06-25 15:52:17,975 -INFO -Starting our model training pipeline
2025-06-25 15:52:17,975 -INFO -Loading data from artifacts/processed\processed_train.csv
2025-06-25 15:52:17,975 -INFO -Loading Data
2025-06-25 15:52:18,033 -INFO -Loading test data artifacts/processed\processed_test.csv
2025-06-25 15:52:18,033 -INFO -Loading Data
2025-06-25 15:52:18,058 -INFO -Initializing our model.
2025-06-25 15:52:18,058 -INFO -Starting our hyperparameter tuning
2025-06-25 15:52:18,058 -INFO -Starting our Hyperparameter Training
2025-06-25 15:52:45,565 -INFO -Hyperparameter Tuning completed.
2025-06-25 15:52:45,565 -INFO -Best parametes are : {'boosting_type': 'gbdt', 'learning_rate': np.float64(0.1293700315892974), 'max_length': 23, 'n_estimators': 314, 'num_leaves': 94}
2025-06-25 15:52:45,565 -INFO -Evaluating our model
2025-06-25 15:52:45,619 -INFO -Accuracy score : 0.8810939357907254
2025-06-25 15:52:45,619 -INFO -Recall score : 0.9022592152199762
2025-06-25 15:52:45,619 -INFO -Precision score : 0.865617157198266
2025-06-25 15:52:45,619 -INFO -F1 score : 0.8835584536562645
2025-06-25 15:52:45,621 -INFO -Saving the model
2025-06-25 15:52:45,668 -INFO -Model saved to artifacts/models/lgbm_model.pkl
2025-06-25 15:52:45,668 -INFO -Model Training successfully completed
2025-06-25 20:59:48,048 -INFO -Starting our model training pipeline
2025-06-25 20:59:48,048 -INFO -Starting our MLFLOW Experimentation.
2025-06-25 20:59:48,073 -INFO -Logging the training and testing dataset to MLFLOW
2025-06-25 20:59:48,073 -INFO -Loading data from artifacts/processed\processed_train.csv
2025-06-25 20:59:48,073 -INFO -Loading Data
2025-06-25 20:59:48,146 -INFO -Loading test data artifacts/processed\processed_test.csv
2025-06-25 20:59:48,146 -INFO -Loading Data
2025-06-25 20:59:48,186 -INFO -Initializing our model.
2025-06-25 20:59:48,186 -INFO -Starting our hyperparameter tuning
2025-06-25 20:59:48,186 -INFO -Starting our Hyperparameter Training
2025-06-25 21:00:10,693 -INFO -Hyperparameter Tuning completed.
2025-06-25 21:00:10,703 -INFO -Best parametes are : {'boosting_type': 'gbdt', 'learning_rate': np.float64(0.1293700315892974), 'max_length': 23, 'n_estimators': 314, 'num_leaves': 94}
2025-06-25 21:00:10,703 -INFO -Evaluating our model
2025-06-25 21:00:10,755 -INFO -Accuracy score : 0.8810939357907254
2025-06-25 21:00:10,755 -INFO -Recall score : 0.9022592152199762
2025-06-25 21:00:10,755 -INFO -Precision score : 0.865617157198266
2025-06-25 21:00:10,755 -INFO -F1 score : 0.8835584536562645
2025-06-25 21:00:10,755 -INFO -Saving the model
2025-06-25 21:00:10,810 -INFO -Model saved to artifacts/models/lgbm_model.pkl
2025-06-25 21:00:10,810 -INFO -Logging the Model into MLFLOW
2025-06-25 21:00:10,812 -INFO -Logging model params and metrics. to MLFLOW
2025-06-25 21:00:11,056 -INFO -Model Training successfully completed
2025-06-25 21:05:30,229 -INFO -Starting our model training pipeline
2025-06-25 21:05:30,230 -INFO -Starting our MLFLOW Experimentation.
2025-06-25 21:05:30,248 -INFO -Logging the training and testing dataset to MLFLOW
2025-06-25 21:05:30,248 -INFO -Loading data from artifacts/processed\processed_train.csv
2025-06-25 21:05:30,248 -INFO -Loading Data
2025-06-25 21:05:30,302 -INFO -Loading test data artifacts/processed\processed_test.csv
2025-06-25 21:05:30,302 -INFO -Loading Data
2025-06-25 21:05:30,333 -INFO -Initializing our model.
2025-06-25 21:05:30,333 -INFO -Starting our hyperparameter tuning
2025-06-25 21:05:30,333 -INFO -Starting our Hyperparameter Training
2025-06-25 21:05:52,463 -INFO -Hyperparameter Tuning completed.
2025-06-25 21:05:52,463 -INFO -Best parametes are : {'boosting_type': 'gbdt', 'learning_rate': np.float64(0.1293700315892974), 'max_length': 23, 'n_estimators': 314, 'num_leaves': 94}
2025-06-25 21:05:52,463 -INFO -Evaluating our model
2025-06-25 21:05:52,518 -INFO -Accuracy score : 0.8810939357907254
2025-06-25 21:05:52,518 -INFO -Recall score : 0.9022592152199762
2025-06-25 21:05:52,518 -INFO -Precision score : 0.865617157198266
2025-06-25 21:05:52,518 -INFO -F1 score : 0.8835584536562645
2025-06-25 21:05:52,518 -INFO -Saving the model
2025-06-25 21:05:52,579 -INFO -Model saved to artifacts/models/lgbm_model.pkl
2025-06-25 21:05:52,579 -INFO -Logging the Model into MLFLOW
2025-06-25 21:05:52,588 -INFO -Logging model params and metrics. to MLFLOW
2025-06-25 21:05:52,638 -INFO -Model Training successfully completed
2025-06-25 22:50:21,199 -INFO -Successfully loaaded the YAML file
2025-06-25 22:50:21,199 -INFO -Data ingeston started with sak_bucket1016 and filename : Hotel_Reservations.csv
2025-06-25 22:50:21,199 -INFO -Starting data ingestion process
2025-06-25 22:50:33,261 -ERROR -Error while downloading the csv file
2025-06-25 22:50:33,261 -INFO -Data ingestion completed
2025-06-25 23:00:00,744 -INFO -Successfully loaaded the YAML file
2025-06-25 23:00:00,744 -INFO -Data ingeston started with sak_bucket1016 and filename : Hotel_Reservations.csv
2025-06-25 23:00:00,744 -INFO -Starting data ingestion process
2025-06-25 23:00:12,690 -ERROR -Error while downloading the csv file
2025-06-25 23:00:12,690 -INFO -Data ingestion completed
2025-06-25 23:01:16,790 -INFO -Successfully loaaded the YAML file
2025-06-25 23:01:16,790 -INFO -Data ingeston started with sak_bucket1016 and filename : Hotel_Reservations.csv
2025-06-25 23:01:16,793 -INFO -Starting data ingestion process
2025-06-25 23:01:28,799 -ERROR -Error while downloading the csv file Your default credentials were not found. To set up Application Default Credentials, see https://cloud.google.com/docs/authentication/external/set-up-adc for more information.
2025-06-25 23:01:28,799 -INFO -Data ingestion completed
2025-06-25 23:04:19,752 -INFO -Successfully loaaded the YAML file
2025-06-25 23:04:19,752 -INFO -Data ingeston started with sak_bucket1016 and filename : Hotel_Reservations.csv
2025-06-25 23:04:19,752 -INFO -Starting data ingestion process
2025-06-25 23:04:31,802 -ERROR -Error while downloading the csv file Your default credentials were not found. To set up Application Default Credentials, see https://cloud.google.com/docs/authentication/external/set-up-adc for more information.
2025-06-25 23:04:31,802 -INFO -Data ingestion completed
2025-06-25 23:09:15,095 -INFO -Successfully loaaded the YAML file
2025-06-25 23:09:15,095 -INFO -Data ingeston started with sak_bucket1016 and filename : Hotel_Reservations.csv
2025-06-25 23:09:15,095 -INFO -Starting data ingestion process
2025-06-25 23:09:15,095 -ERROR -Error while downloading the csv file File "yt-analysis-project-437219-43131ff7ea92" was not found.
2025-06-25 23:09:15,095 -INFO -Data ingestion completed
2025-06-25 23:10:38,567 -INFO -Successfully loaaded the YAML file
2025-06-25 23:10:38,567 -INFO -Data ingeston started with sak_bucket1016 and filename : Hotel_Reservations.csv
2025-06-25 23:10:38,567 -INFO -Starting data ingestion process
2025-06-25 23:10:38,572 -ERROR -Error while downloading the csv file File "yt-analysis-project-437219-43131ff7ea92.json" was not found.
2025-06-25 23:10:38,572 -INFO -Data ingestion completed
2025-06-25 23:11:57,399 -INFO -Successfully loaaded the YAML file
2025-06-25 23:11:57,399 -INFO -Data ingeston started with sak_bucket1016 and filename : Hotel_Reservations.csv
2025-06-25 23:11:57,399 -INFO -Starting data ingestion process
2025-06-25 23:11:57,407 -ERROR -Error while downloading the csv file File yt-analysis-project-437219-43131ff7ea92 was not found.
2025-06-25 23:11:57,407 -INFO -Data ingestion completed
2025-06-25 23:18:22,477 -INFO -Successfully loaaded the YAML file
2025-06-25 23:18:22,477 -INFO -Data ingeston started with sak_bucket1016 and filename : Hotel_Reservations.csv
2025-06-25 23:18:22,477 -INFO -Starting data ingestion process
2025-06-25 23:18:22,483 -ERROR -Error while downloading the csv file File   C:\Users\SAKSHAM\Downloads\yt-analysis-project-437219-43131ff7ea92.json was not found.
2025-06-25 23:18:22,483 -INFO -Data ingestion completed
2025-06-25 23:19:27,195 -INFO -Successfully loaaded the YAML file
2025-06-25 23:19:27,198 -INFO -Data ingeston started with sak_bucket1016 and filename : Hotel_Reservations.csv
2025-06-25 23:19:27,198 -INFO -Starting data ingestion process
2025-06-25 23:19:32,758 -INFO -CSV file is successfully downloaded to artifacts/raw\raw.csv
2025-06-25 23:19:32,758 -INFO -Starting the data splitting process.
2025-06-25 23:19:33,237 -INFO -Train data saved to artifacts/raw\train.csv
2025-06-25 23:19:33,239 -INFO -Test data saved to artifacts/raw\test.csv
2025-06-25 23:19:33,241 -INFO -Data ingestion completed successfully.
2025-06-25 23:19:33,241 -INFO -Data ingestion completed
2025-06-25 23:19:33,245 -INFO -Successfully loaaded the YAML file
2025-06-25 23:19:33,245 -INFO -Loading data from RAW directory
2025-06-25 23:19:33,245 -INFO -Loading Data
2025-06-25 23:19:33,378 -INFO -Loading Data
2025-06-25 23:19:33,421 -INFO -Starting the Data Processing step. 
2025-06-25 23:19:33,421 -INFO -Dropping the columns
2025-06-25 23:19:33,488 -INFO -Label Mappings are : 
2025-06-25 23:19:33,488 -INFO -type_of_meal_plan : {'Meal Plan 1': np.int64(0), 'Meal Plan 2': np.int64(1), 'Meal Plan 3': np.int64(2), 'Not Selected': np.int64(3)}
2025-06-25 23:19:33,488 -INFO -required_car_parking_space : {np.int64(0): np.int64(0), np.int64(1): np.int64(1)}
2025-06-25 23:19:33,488 -INFO -room_type_reserved : {'Room_Type 1': np.int64(0), 'Room_Type 2': np.int64(1), 'Room_Type 3': np.int64(2), 'Room_Type 4': np.int64(3), 'Room_Type 5': np.int64(4), 'Room_Type 6': np.int64(5), 'Room_Type 7': np.int64(6)}
2025-06-25 23:19:33,488 -INFO -market_segment_type : {'Aviation': np.int64(0), 'Complementary': np.int64(1), 'Corporate': np.int64(2), 'Offline': np.int64(3), 'Online': np.int64(4)}
2025-06-25 23:19:33,488 -INFO -repeated_guest : {np.int64(0): np.int64(0), np.int64(1): np.int64(1)}
2025-06-25 23:19:33,488 -INFO -booking_status : {'Canceled': np.int64(0), 'Not_Canceled': np.int64(1)}
2025-06-25 23:19:33,488 -INFO -Data skewness handling
2025-06-25 23:19:33,494 -INFO -Starting the Data Processing step. 
2025-06-25 23:19:33,494 -INFO -Dropping the columns
2025-06-25 23:19:33,511 -INFO -Label Mappings are : 
2025-06-25 23:19:33,511 -INFO -type_of_meal_plan : {'Meal Plan 1': np.int64(0), 'Meal Plan 2': np.int64(1), 'Meal Plan 3': np.int64(2), 'Not Selected': np.int64(3)}
2025-06-25 23:19:33,511 -INFO -required_car_parking_space : {np.int64(0): np.int64(0), np.int64(1): np.int64(1)}
2025-06-25 23:19:33,511 -INFO -room_type_reserved : {'Room_Type 1': np.int64(0), 'Room_Type 2': np.int64(1), 'Room_Type 3': np.int64(2), 'Room_Type 4': np.int64(3), 'Room_Type 5': np.int64(4), 'Room_Type 6': np.int64(5), 'Room_Type 7': np.int64(6)}
2025-06-25 23:19:33,511 -INFO -market_segment_type : {'Aviation': np.int64(0), 'Complementary': np.int64(1), 'Corporate': np.int64(2), 'Offline': np.int64(3), 'Online': np.int64(4)}
2025-06-25 23:19:33,511 -INFO -repeated_guest : {np.int64(0): np.int64(0), np.int64(1): np.int64(1)}
2025-06-25 23:19:33,511 -INFO -booking_status : {'Canceled': np.int64(0), 'Not_Canceled': np.int64(1)}
2025-06-25 23:19:33,513 -INFO -Data skewness handling
2025-06-25 23:19:33,513 -INFO -Handling Imbalanced Data
2025-06-25 23:19:38,026 -INFO -Data balanced successfully
2025-06-25 23:19:38,042 -INFO -Handling Imbalanced Data
2025-06-25 23:19:38,098 -INFO -Data balanced successfully
2025-06-25 23:19:38,098 -INFO -Starting our feature selection step
2025-06-25 23:19:42,610 -INFO -Features selected : ['lead_time' 'no_of_special_requests' 'avg_price_per_room' 'arrival_month'
 'arrival_date' 'market_segment_type' 'no_of_week_nights'
 'no_of_weekend_nights' 'type_of_meal_plan' 'room_type_reserved']
2025-06-25 23:19:42,610 -INFO -Feature selection done successfully.
2025-06-25 23:19:42,616 -INFO -Saving our data in processed folder.
2025-06-25 23:19:42,699 -INFO -Data saved successfully to artifacts/processed\processed_train.csv
2025-06-25 23:19:42,699 -INFO -Saving our data in processed folder.
2025-06-25 23:19:42,728 -INFO -Data saved successfully to artifacts/processed\processed_test.csv
2025-06-25 23:19:42,728 -INFO -Data processing completed successfully. 
2025-06-25 23:19:44,275 -INFO -Starting our model training pipeline
2025-06-25 23:19:44,275 -INFO -Starting our MLFLOW Experimentation.
2025-06-25 23:19:44,290 -INFO -Logging the training and testing dataset to MLFLOW
2025-06-25 23:19:44,290 -INFO -Loading data from artifacts/processed\processed_train.csv
2025-06-25 23:19:44,290 -INFO -Loading Data
2025-06-25 23:19:44,357 -INFO -Loading test data artifacts/processed\processed_test.csv
2025-06-25 23:19:44,362 -INFO -Loading Data
2025-06-25 23:19:44,440 -INFO -Initializing our model.
2025-06-25 23:19:44,440 -INFO -Starting our hyperparameter tuning
2025-06-25 23:19:44,440 -INFO -Starting our Hyperparameter Training
2025-06-25 23:20:04,443 -INFO -Hyperparameter Tuning completed.
2025-06-25 23:20:04,443 -INFO -Best parametes are : {'boosting_type': 'gbdt', 'learning_rate': np.float64(0.1293700315892974), 'max_length': 23, 'n_estimators': 314, 'num_leaves': 94}
2025-06-25 23:20:04,443 -INFO -Evaluating our model
2025-06-25 23:20:04,510 -INFO -Accuracy score : 0.8810939357907254
2025-06-25 23:20:04,510 -INFO -Recall score : 0.9022592152199762
2025-06-25 23:20:04,510 -INFO -Precision score : 0.865617157198266
2025-06-25 23:20:04,510 -INFO -F1 score : 0.8835584536562645
2025-06-25 23:20:04,510 -INFO -Saving the model
2025-06-25 23:20:04,566 -INFO -Model saved to artifacts/models/lgbm_model.pkl
2025-06-25 23:20:04,566 -INFO -Logging the Model into MLFLOW
2025-06-25 23:20:04,572 -INFO -Logging model params and metrics. to MLFLOW
2025-06-25 23:20:04,633 -INFO -Model Training successfully completed
