2025-06-24 23:43:53,923 -INFO -Successfully loaaded the YAML file
2025-06-24 23:43:53,925 -INFO -Loading data from RAW directory
2025-06-24 23:43:53,925 -INFO -Loading Data
2025-06-24 23:43:54,038 -INFO -Loading Data
2025-06-24 23:43:54,071 -INFO -Starting the Data Processing step. 
2025-06-24 23:43:54,071 -INFO -Dropping the columns
2025-06-24 23:43:54,146 -INFO -Label Mappings are : 
2025-06-24 23:43:54,146 -ERROR -Error during processing step 'dict' object has no attribute 'item'
2025-06-24 23:43:54,146 -ERROR -Error during preprocessing pipeline 'AttributeError' object has no attribute 'exc_info'
2025-06-24 23:45:36,254 -INFO -Successfully loaaded the YAML file
2025-06-24 23:45:36,254 -INFO -Loading data from RAW directory
2025-06-24 23:45:36,254 -INFO -Loading Data
2025-06-24 23:45:36,345 -INFO -Loading Data
2025-06-24 23:45:36,367 -INFO -Starting the Data Processing step. 
2025-06-24 23:45:36,367 -INFO -Dropping the columns
2025-06-24 23:45:36,439 -INFO -Label Mappings are : 
2025-06-24 23:45:36,441 -INFO -type_of_meal_plan : {'Meal Plan 1': np.int64(0), 'Meal Plan 2': np.int64(1), 'Meal Plan 3': np.int64(2), 'Not Selected': np.int64(3)}
2025-06-24 23:45:36,441 -INFO -required_car_parking_space : {np.int64(0): np.int64(0), np.int64(1): np.int64(1)}
2025-06-24 23:45:36,441 -INFO -room_type_reserved : {'Room_Type 1': np.int64(0), 'Room_Type 2': np.int64(1), 'Room_Type 3': np.int64(2), 'Room_Type 4': np.int64(3), 'Room_Type 5': np.int64(4), 'Room_Type 6': np.int64(5), 'Room_Type 7': np.int64(6)}
2025-06-24 23:45:36,441 -INFO -market_segment_type : {'Aviation': np.int64(0), 'Complementary': np.int64(1), 'Corporate': np.int64(2), 'Offline': np.int64(3), 'Online': np.int64(4)}
2025-06-24 23:45:36,441 -INFO -repeated_guest : {np.int64(0): np.int64(0), np.int64(1): np.int64(1)}
2025-06-24 23:45:36,441 -INFO -booking_status : {'Canceled': np.int64(0), 'Not_Canceled': np.int64(1)}
2025-06-24 23:45:36,441 -INFO -Data skewness handling
2025-06-24 23:45:36,445 -INFO -Starting the Data Processing step. 
2025-06-24 23:45:36,445 -INFO -Dropping the columns
2025-06-24 23:45:36,460 -INFO -Label Mappings are : 
2025-06-24 23:45:36,460 -INFO -type_of_meal_plan : {'Meal Plan 1': np.int64(0), 'Meal Plan 2': np.int64(1), 'Meal Plan 3': np.int64(2), 'Not Selected': np.int64(3)}
2025-06-24 23:45:36,460 -INFO -required_car_parking_space : {np.int64(0): np.int64(0), np.int64(1): np.int64(1)}
2025-06-24 23:45:36,460 -INFO -room_type_reserved : {'Room_Type 1': np.int64(0), 'Room_Type 2': np.int64(1), 'Room_Type 3': np.int64(2), 'Room_Type 4': np.int64(3), 'Room_Type 5': np.int64(4), 'Room_Type 6': np.int64(5), 'Room_Type 7': np.int64(6)}
2025-06-24 23:45:36,460 -INFO -market_segment_type : {'Aviation': np.int64(0), 'Complementary': np.int64(1), 'Corporate': np.int64(2), 'Offline': np.int64(3), 'Online': np.int64(4)}
2025-06-24 23:45:36,460 -INFO -repeated_guest : {np.int64(0): np.int64(0), np.int64(1): np.int64(1)}
2025-06-24 23:45:36,460 -INFO -booking_status : {'Canceled': np.int64(0), 'Not_Canceled': np.int64(1)}
2025-06-24 23:45:36,460 -INFO -Data skewness handling
2025-06-24 23:45:36,462 -INFO -Handling Imbalanced Data
2025-06-24 23:45:43,786 -INFO -Data balanced successfully
2025-06-24 23:45:43,786 -INFO -Handling Imbalanced Data
2025-06-24 23:45:43,817 -INFO -Data balanced successfully
2025-06-24 23:45:43,817 -INFO -Starting our feature selection step
2025-06-24 23:45:48,432 -INFO -Features selected : ['lead_time' 'no_of_special_requests' 'avg_price_per_room' 'arrival_month'
 'arrival_date' 'market_segment_type' 'no_of_week_nights'
 'no_of_weekend_nights' 'type_of_meal_plan' 'room_type_reserved']
2025-06-24 23:45:48,437 -INFO -Feature selection done successfully.
2025-06-24 23:45:48,447 -INFO -Saving our data in processed folder.
2025-06-24 23:45:48,548 -INFO -Data saved successfully to artifacts/processed\processed_train.csv
2025-06-24 23:45:48,548 -INFO -Saving our data in processed folder.
2025-06-24 23:45:48,575 -INFO -Data saved successfully to artifacts/processed\processed_test.csv
2025-06-24 23:45:48,575 -INFO -Data processing completed successfully. 
